<?xml version="1.0" encoding="UTF-8"?>
<!-- Generated by org.testng.reporters.JUnitXMLReporter -->
<testsuite ignored="14" hostname="sangs-MacBook-Pro.local" failures="0" tests="1" name="TestNG and Listener Report" time="0.039" errors="0" timestamp="2021-02-02T15:42:27 ICT">
  <testcase classname="testOOPs.TestOOPs" name="staticVariable" time="0.008"/>
  <testcase classname="testOOPs.TestOOPs" name="testString" time="0.0">
    <ignored/>
  </testcase> <!-- testString -->
  <testcase classname="testOOPs.TestOOPs" name="mergeArrays" time="0.0">
    <ignored/>
  </testcase> <!-- mergeArrays -->
  <testcase classname="testOOPs.TestOOPs" name="testLargestArr" time="0.0">
    <ignored/>
  </testcase> <!-- testLargestArr -->
  <testcase classname="testOOPs.TestOOPs" name="bubbleSort" time="0.0">
    <ignored/>
  </testcase> <!-- bubbleSort -->
  <testcase classname="testOOPs.TestOOPs" name="findPeekElement" time="0.0">
    <ignored/>
  </testcase> <!-- findPeekElement -->
  <testcase classname="testOOPs.TestOOPs" name="testAbstract" time="0.0">
    <ignored/>
  </testcase> <!-- testAbstract -->
  <testcase classname="testOOPs.TestOOPs" name="testScanner" time="0.0">
    <ignored/>
  </testcase> <!-- testScanner -->
  <testcase classname="testOOPs.TestOOPs" name="concatString" time="0.0">
    <ignored/>
  </testcase> <!-- concatString -->
  <testcase classname="testOOPs.TestOOPs" name="appendString" time="0.0">
    <ignored/>
  </testcase> <!-- appendString -->
  <testcase classname="testOOPs.TestOOPs" name="testMergeSort" time="0.0">
    <ignored/>
  </testcase> <!-- testMergeSort -->
  <testcase classname="testOOPs.TestOOPs" name="testOddEven" time="0.0">
    <ignored/>
  </testcase> <!-- testOddEven -->
  <testcase classname="testOOPs.TestOOPs" name="testLinearSearch" time="0.0">
    <ignored/>
  </testcase> <!-- testLinearSearch -->
  <testcase classname="testOOPs.TestOOPs" name="binarySearch" time="0.0">
    <ignored/>
  </testcase> <!-- binarySearch -->
  <testcase classname="testOOPs.TestOOPs" name="testQuickSort" time="0.0">
    <ignored/>
  </testcase> <!-- testQuickSort -->
</testsuite> <!-- TestNG and Listener Report -->
