<?xml version="1.0" encoding="UTF-8"?>
<testng-results ignored="7" total="8" passed="1" failed="0" skipped="0">
  <reporter-output>
  </reporter-output>
  <suite started-at="2021-01-13T11:38:10 ICT" name="Suite1 and TestNG report" finished-at="2021-01-13T11:38:10 ICT" duration-ms="31">
    <groups>
    </groups>
    <test started-at="2021-01-13T11:38:10 ICT" name="TestNG and Listener Report" finished-at="2021-01-13T11:38:10 ICT" duration-ms="31">
      <class name="testOOPs.testOOPs">
        <test-method signature="bubbleSort()[pri:0, instance:testOOPs.testOOPs@731f8236]" started-at="2021-01-13T11:38:10 ICT" name="bubbleSort" finished-at="2021-01-13T11:38:10 ICT" duration-ms="6" status="PASS">
          <reporter-output>
          </reporter-output>
        </test-method> <!-- bubbleSort -->
      </class> <!-- testOOPs.testOOPs -->
    </test> <!-- TestNG and Listener Report -->
  </suite> <!-- Suite1 and TestNG report -->
</testng-results>
