<?xml version="1.0" encoding="UTF-8"?>
<testng-results ignored="12" total="13" passed="1" failed="0" skipped="0">
  <reporter-output>
  </reporter-output>
  <suite started-at="2021-02-01T14:27:55 ICT" name="Suite1 and TestNG report" finished-at="2021-02-01T14:27:55 ICT" duration-ms="40">
    <groups>
      <group name="permutation">
        <method signature="HackerRank.permutation()[pri:0, instance:testOOPs.HackerRank@1dd92fe2]" name="permutation" class="testOOPs.HackerRank"/>
      </group> <!-- permutation -->
    </groups>
    <test started-at="2021-02-01T14:27:55 ICT" name="TestNG and Listener Report" finished-at="2021-02-01T14:27:55 ICT" duration-ms="40">
      <class name="testOOPs.HackerRank">
        <test-method signature="permutation()[pri:0, instance:testOOPs.HackerRank@1dd92fe2]" started-at="2021-02-01T14:27:55 ICT" name="permutation" finished-at="2021-02-01T14:27:55 ICT" duration-ms="6" status="PASS">
          <reporter-output>
          </reporter-output>
        </test-method> <!-- permutation -->
      </class> <!-- testOOPs.HackerRank -->
    </test> <!-- TestNG and Listener Report -->
  </suite> <!-- Suite1 and TestNG report -->
</testng-results>
