<?xml version="1.0" encoding="UTF-8"?>
<testng-results ignored="4" total="9" passed="5" failed="0" skipped="0">
  <reporter-output>
  </reporter-output>
  <suite started-at="2021-01-28T13:48:08 ICT" name="Suite1 and TestNG report" finished-at="2021-01-28T13:48:08 ICT" duration-ms="109">
    <groups>
    </groups>
    <test started-at="2021-01-28T13:48:08 ICT" name="TestNG and Listener Report" finished-at="2021-01-28T13:48:08 ICT" duration-ms="109">
      <class name="testOOPs.HackerRank">
        <test-method signature="callByValue()[pri:0, instance:testOOPs.HackerRank@6a472554]" started-at="2021-01-28T13:48:08 ICT" name="callByValue" finished-at="2021-01-28T13:48:08 ICT" duration-ms="6" status="PASS">
          <reporter-output>
          </reporter-output>
        </test-method> <!-- callByValue -->
        <test-method signature="division()[pri:0, instance:testOOPs.HackerRank@6a472554]" started-at="2021-01-28T13:48:08 ICT" name="division" finished-at="2021-01-28T13:48:08 ICT" duration-ms="3" status="PASS">
          <reporter-output>
          </reporter-output>
        </test-method> <!-- division -->
        <test-method signature="fibonacciWithDynamic()[pri:0, instance:testOOPs.HackerRank@6a472554]" started-at="2021-01-28T13:48:08 ICT" name="fibonacciWithDynamic" finished-at="2021-01-28T13:48:08 ICT" duration-ms="2" status="PASS">
          <reporter-output>
          </reporter-output>
        </test-method> <!-- fibonacciWithDynamic -->
        <test-method signature="innerClass()[pri:0, instance:testOOPs.HackerRank@6a472554]" started-at="2021-01-28T13:48:08 ICT" name="innerClass" finished-at="2021-01-28T13:48:08 ICT" duration-ms="1" status="PASS">
          <reporter-output>
          </reporter-output>
        </test-method> <!-- innerClass -->
        <test-method signature="recursionWithFactorial()[pri:0, instance:testOOPs.HackerRank@6a472554]" started-at="2021-01-28T13:48:08 ICT" name="recursionWithFactorial" finished-at="2021-01-28T13:48:08 ICT" duration-ms="1" status="PASS">
          <reporter-output>
          </reporter-output>
        </test-method> <!-- recursionWithFactorial -->
      </class> <!-- testOOPs.HackerRank -->
    </test> <!-- TestNG and Listener Report -->
  </suite> <!-- Suite1 and TestNG report -->
</testng-results>
