<?xml version="1.0" encoding="UTF-8"?>
<testng-results ignored="0" total="4" passed="3" failed="1" skipped="0">
  <reporter-output>
  </reporter-output>
  <suite started-at="2020-12-22T15:38:39 ICT" name="Suite1 and TestNG report" finished-at="2020-12-22T15:39:04 ICT" duration-ms="24742">
    <groups>
    </groups>
    <test started-at="2020-12-22T15:38:39 ICT" name="TestNG and Listener Report" finished-at="2020-12-22T15:39:04 ICT" duration-ms="24742">
      <class name="testPages.testLogin">
        <test-method is-config="true" signature="intBrowser()[pri:0, instance:testPages.testLogin@7c24b813]" started-at="2020-12-22T15:38:39 ICT" name="intBrowser" finished-at="2020-12-22T15:39:01 ICT" duration-ms="22364" status="PASS">
          <reporter-output>
          </reporter-output>
        </test-method> <!-- intBrowser -->
        <test-method signature="getLandingTitle()[pri:0, instance:testPages.testLogin@7c24b813]" started-at="2020-12-22T15:39:01 ICT" name="getLandingTitle" description="Get landing page title!" finished-at="2020-12-22T15:39:03 ICT" duration-ms="1159" status="FAIL">
          <exception class="org.openqa.selenium.NoSuchElementException">
            <message>
              <![CDATA[no such element: Unable to locate element: {"method":"xpath","selector":"//h3[contains(text(),'Livin PMH Resident Portal')]"}
  (Session info: headless chrome=87.0.4280.88)
For documentation on this error, please visit: https://www.seleniumhq.org/exceptions/no_such_element.html
Build info: version: '3.141.59', revision: 'e82be7d358', time: '2018-11-14T08:17:03'
System info: host: 'sangs-MacBook-Pro.local', ip: 'fe80:0:0:0:1434:c49:c4b:af39%en0', os.name: 'Mac OS X', os.arch: 'x86_64', os.version: '10.15.6', java.version: '14.0.1'
Driver info: org.openqa.selenium.chrome.ChromeDriver
Capabilities {acceptInsecureCerts: false, browserName: chrome, browserVersion: 87.0.4280.88, chrome: {chromedriverVersion: 87.0.4280.88 (89e2380a3e36c..., userDataDir: /var/folders/xz/4v9y5fc1563...}, goog:chromeOptions: {debuggerAddress: localhost:56946}, javascriptEnabled: true, networkConnectionEnabled: false, pageLoadStrategy: normal, platform: MAC, platformName: MAC, proxy: Proxy(), setWindowRect: true, strictFileInteractability: false, timeouts: {implicit: 0, pageLoad: 300000, script: 30000}, unhandledPromptBehavior: dismiss and notify, webauthn:virtualAuthenticators: true}
Session ID: db3f0150de1713b9685ad6684ee54eae
*** Element info: {Using=xpath, value=//h3[contains(text(),'Livin PMH Resident Portal')]}]]>
            </message>
            <full-stacktrace>
              <![CDATA[org.openqa.selenium.NoSuchElementException: no such element: Unable to locate element: {"method":"xpath","selector":"//h3[contains(text(),'Livin PMH Resident Portal')]"}
  (Session info: headless chrome=87.0.4280.88)
For documentation on this error, please visit: https://www.seleniumhq.org/exceptions/no_such_element.html
Build info: version: '3.141.59', revision: 'e82be7d358', time: '2018-11-14T08:17:03'
System info: host: 'sangs-MacBook-Pro.local', ip: 'fe80:0:0:0:1434:c49:c4b:af39%en0', os.name: 'Mac OS X', os.arch: 'x86_64', os.version: '10.15.6', java.version: '14.0.1'
Driver info: org.openqa.selenium.chrome.ChromeDriver
Capabilities {acceptInsecureCerts: false, browserName: chrome, browserVersion: 87.0.4280.88, chrome: {chromedriverVersion: 87.0.4280.88 (89e2380a3e36c..., userDataDir: /var/folders/xz/4v9y5fc1563...}, goog:chromeOptions: {debuggerAddress: localhost:56946}, javascriptEnabled: true, networkConnectionEnabled: false, pageLoadStrategy: normal, platform: MAC, platformName: MAC, proxy: Proxy(), setWindowRect: true, strictFileInteractability: false, timeouts: {implicit: 0, pageLoad: 300000, script: 30000}, unhandledPromptBehavior: dismiss and notify, webauthn:virtualAuthenticators: true}
Session ID: db3f0150de1713b9685ad6684ee54eae
*** Element info: {Using=xpath, value=//h3[contains(text(),'Livin PMH Resident Portal')]}
at java.base/jdk.internal.reflect.NativeConstructorAccessorImpl.newInstance0(Native Method)
at java.base/jdk.internal.reflect.NativeConstructorAccessorImpl.newInstance(NativeConstructorAccessorImpl.java:62)
at java.base/jdk.internal.reflect.DelegatingConstructorAccessorImpl.newInstance(DelegatingConstructorAccessorImpl.java:45)
at java.base/java.lang.reflect.Constructor.newInstanceWithCaller(Constructor.java:500)
at java.base/java.lang.reflect.Constructor.newInstance(Constructor.java:481)
at org.openqa.selenium.remote.http.W3CHttpResponseCodec.createException(W3CHttpResponseCodec.java:187)
at org.openqa.selenium.remote.http.W3CHttpResponseCodec.decode(W3CHttpResponseCodec.java:122)
at org.openqa.selenium.remote.http.W3CHttpResponseCodec.decode(W3CHttpResponseCodec.java:49)
at org.openqa.selenium.remote.HttpCommandExecutor.execute(HttpCommandExecutor.java:158)
at org.openqa.selenium.remote.service.DriverCommandExecutor.execute(DriverCommandExecutor.java:83)
at org.openqa.selenium.remote.RemoteWebDriver.execute(RemoteWebDriver.java:552)
at org.openqa.selenium.remote.RemoteWebDriver.findElement(RemoteWebDriver.java:323)
at org.openqa.selenium.remote.RemoteWebDriver.findElementByXPath(RemoteWebDriver.java:428)
at org.openqa.selenium.By$ByXPath.findElement(By.java:353)
at org.openqa.selenium.remote.RemoteWebDriver.findElement(RemoteWebDriver.java:315)
at org.openqa.selenium.support.pagefactory.DefaultElementLocator.findElement(DefaultElementLocator.java:69)
at org.openqa.selenium.support.pagefactory.internal.LocatingElementHandler.invoke(LocatingElementHandler.java:38)
at com.sun.proxy.$Proxy18.getText(Unknown Source)
at pages.loginPage.getTitle(loginPage.java:41)
at testPages.testLogin.getLandingTitle(testLogin.java:41)
at java.base/jdk.internal.reflect.NativeMethodAccessorImpl.invoke0(Native Method)
at java.base/jdk.internal.reflect.NativeMethodAccessorImpl.invoke(NativeMethodAccessorImpl.java:62)
at java.base/jdk.internal.reflect.DelegatingMethodAccessorImpl.invoke(DelegatingMethodAccessorImpl.java:43)
at java.base/java.lang.reflect.Method.invoke(Method.java:564)
at org.testng.internal.MethodInvocationHelper.invokeMethod(MethodInvocationHelper.java:132)
at org.testng.internal.TestInvoker.invokeMethod(TestInvoker.java:599)
at org.testng.internal.TestInvoker.invokeTestMethod(TestInvoker.java:174)
at org.testng.internal.MethodRunner.runInSequence(MethodRunner.java:46)
at org.testng.internal.TestInvoker$MethodInvocationAgent.invoke(TestInvoker.java:822)
at org.testng.internal.TestInvoker.invokeTestMethods(TestInvoker.java:147)
at org.testng.internal.TestMethodWorker.invokeTestMethods(TestMethodWorker.java:146)
at org.testng.internal.TestMethodWorker.run(TestMethodWorker.java:128)
at java.base/java.util.ArrayList.forEach(ArrayList.java:1510)
at org.testng.TestRunner.privateRun(TestRunner.java:764)
at org.testng.TestRunner.run(TestRunner.java:585)
at org.testng.SuiteRunner.runTest(SuiteRunner.java:384)
at org.testng.SuiteRunner.runSequentially(SuiteRunner.java:378)
at org.testng.SuiteRunner.privateRun(SuiteRunner.java:337)
at org.testng.SuiteRunner.run(SuiteRunner.java:286)
at org.testng.SuiteRunnerWorker.runSuite(SuiteRunnerWorker.java:53)
at org.testng.SuiteRunnerWorker.run(SuiteRunnerWorker.java:96)
at org.testng.TestNG.runSuitesSequentially(TestNG.java:1218)
at org.testng.TestNG.runSuitesLocally(TestNG.java:1140)
at org.testng.TestNG.runSuites(TestNG.java:1069)
at org.testng.TestNG.run(TestNG.java:1037)
at com.intellij.rt.testng.IDEARemoteTestNG.run(IDEARemoteTestNG.java:66)
at com.intellij.rt.testng.RemoteTestNGStarter.main(RemoteTestNGStarter.java:110)
]]>
            </full-stacktrace>
          </exception> <!-- org.openqa.selenium.NoSuchElementException -->
          <reporter-output>
          </reporter-output>
        </test-method> <!-- getLandingTitle -->
        <test-method signature="loginProperty()[pri:0, instance:testPages.testLogin@7c24b813]" started-at="2020-12-22T15:39:03 ICT" name="loginProperty" description="Login as Admin to Property Portal!" finished-at="2020-12-22T15:39:03 ICT" duration-ms="322" status="PASS">
          <reporter-output>
          </reporter-output>
        </test-method> <!-- loginProperty -->
        <test-method signature="getDateTime()[pri:1, instance:testPages.testLogin@7c24b813]" started-at="2020-12-22T15:39:03 ICT" name="getDateTime" description="Get DateTime" finished-at="2020-12-22T15:39:03 ICT" duration-ms="5" status="PASS">
          <reporter-output>
          </reporter-output>
        </test-method> <!-- getDateTime -->
        <test-method signature="getHomeTitle()[pri:1, instance:testPages.testLogin@7c24b813]" started-at="2020-12-22T15:39:03 ICT" name="getHomeTitle" description="Get Home page portal title after login successfully!" finished-at="2020-12-22T15:39:04 ICT" duration-ms="800" status="PASS">
          <reporter-output>
          </reporter-output>
        </test-method> <!-- getHomeTitle -->
      </class> <!-- testPages.testLogin -->
    </test> <!-- TestNG and Listener Report -->
  </suite> <!-- Suite1 and TestNG report -->
</testng-results>
