<?xml version="1.0" encoding="UTF-8"?>
<testng-results ignored="0" total="2" passed="2" failed="0" skipped="0">
  <reporter-output>
  </reporter-output>
  <suite started-at="2021-01-20T10:03:49 ICT" name="Suite1 and TestNG report" finished-at="2021-01-20T10:03:49 ICT" duration-ms="37">
    <groups>
    </groups>
    <test started-at="2021-01-20T10:03:49 ICT" name="TestNG and Listener Report" finished-at="2021-01-20T10:03:49 ICT" duration-ms="37">
      <class name="testOOPs.HackerRank">
        <test-method signature="findGivenSum()[pri:0, instance:testOOPs.HackerRank@6591f517]" started-at="2021-01-20T10:03:49 ICT" name="findGivenSum" finished-at="2021-01-20T10:03:49 ICT" duration-ms="7" status="PASS">
          <reporter-output>
          </reporter-output>
        </test-method> <!-- findGivenSum -->
        <test-method signature="minMax()[pri:0, instance:testOOPs.HackerRank@6591f517]" started-at="2021-01-20T10:03:49 ICT" name="minMax" finished-at="2021-01-20T10:03:49 ICT" duration-ms="1" status="PASS">
          <reporter-output>
          </reporter-output>
        </test-method> <!-- minMax -->
      </class> <!-- testOOPs.HackerRank -->
    </test> <!-- TestNG and Listener Report -->
  </suite> <!-- Suite1 and TestNG report -->
</testng-results>
