<?xml version="1.0" encoding="UTF-8"?>
<testng-results ignored="11" total="14" passed="3" failed="0" skipped="0">
  <reporter-output>
  </reporter-output>
  <suite started-at="2021-01-27T10:00:05 ICT" name="Suite1 and TestNG report" finished-at="2021-01-27T10:00:05 ICT" duration-ms="39">
    <groups>
    </groups>
    <test started-at="2021-01-27T10:00:05 ICT" name="TestNG and Listener Report" finished-at="2021-01-27T10:00:05 ICT" duration-ms="39">
      <class name="testOOPs.testOOPs">
        <test-method signature="bubbleSort()[pri:0, instance:testOOPs.testOOPs@6a472554]" started-at="2021-01-27T10:00:05 ICT" name="bubbleSort" finished-at="2021-01-27T10:00:05 ICT" duration-ms="8" status="PASS">
          <reporter-output>
          </reporter-output>
        </test-method> <!-- bubbleSort -->
        <test-method signature="mergeArrays()[pri:0, instance:testOOPs.testOOPs@6a472554]" started-at="2021-01-27T10:00:05 ICT" name="mergeArrays" finished-at="2021-01-27T10:00:05 ICT" duration-ms="2" status="PASS">
          <reporter-output>
          </reporter-output>
        </test-method> <!-- mergeArrays -->
        <test-method signature="testLinearSearch()[pri:0, instance:testOOPs.testOOPs@6a472554]" started-at="2021-01-27T10:00:05 ICT" name="testLinearSearch" finished-at="2021-01-27T10:00:05 ICT" duration-ms="1" status="PASS">
          <reporter-output>
          </reporter-output>
        </test-method> <!-- testLinearSearch -->
      </class> <!-- testOOPs.testOOPs -->
    </test> <!-- TestNG and Listener Report -->
  </suite> <!-- Suite1 and TestNG report -->
</testng-results>
