<?xml version="1.0" encoding="UTF-8"?>
<testng-results ignored="14" total="15" passed="1" failed="0" skipped="0">
  <reporter-output>
  </reporter-output>
  <suite started-at="2021-02-01T17:25:22 ICT" name="Suite1 and TestNG report" finished-at="2021-02-01T17:25:22 ICT" duration-ms="43">
    <groups>
      <group name="oops">
        <method signature="TestOOPs.staticVariable()[pri:0, instance:testOOPs.TestOOPs@58134517]" name="staticVariable" class="testOOPs.TestOOPs"/>
      </group> <!-- oops -->
    </groups>
    <test started-at="2021-02-01T17:25:22 ICT" name="TestNG and Listener Report" finished-at="2021-02-01T17:25:22 ICT" duration-ms="43">
      <class name="testOOPs.TestOOPs">
        <test-method signature="staticVariable()[pri:0, instance:testOOPs.TestOOPs@58134517]" started-at="2021-02-01T17:25:22 ICT" name="staticVariable" finished-at="2021-02-01T17:25:22 ICT" duration-ms="6" status="PASS">
          <reporter-output>
          </reporter-output>
        </test-method> <!-- staticVariable -->
      </class> <!-- testOOPs.TestOOPs -->
    </test> <!-- TestNG and Listener Report -->
  </suite> <!-- Suite1 and TestNG report -->
</testng-results>
