<?xml version="1.0" encoding="UTF-8"?>
<!-- Generated by org.testng.reporters.JUnitXMLReporter -->
<testsuite ignored="11" hostname="sangs-MacBook-Pro.local" failures="0" tests="3" name="TestNG and Listener Report" time="0.039" errors="0" timestamp="2021-01-27T10:00:10 ICT">
  <testcase classname="testOOPs.testOOPs" name="bubbleSort" time="0.008"/>
  <testcase classname="testOOPs.testOOPs" name="mergeArrays" time="0.002"/>
  <testcase classname="testOOPs.testOOPs" name="testLinearSearch" time="0.001"/>
  <testcase classname="testOOPs.testOOPs" name="binarySearch" time="0.0">
    <ignored/>
  </testcase> <!-- binarySearch -->
  <testcase classname="testOOPs.testOOPs" name="testQuickSort" time="0.0">
    <ignored/>
  </testcase> <!-- testQuickSort -->
  <testcase classname="testOOPs.testOOPs" name="testMergeSort" time="0.0">
    <ignored/>
  </testcase> <!-- testMergeSort -->
  <testcase classname="testOOPs.testOOPs" name="testOddEven" time="0.0">
    <ignored/>
  </testcase> <!-- testOddEven -->
  <testcase classname="testOOPs.testOOPs" name="appendString" time="0.0">
    <ignored/>
  </testcase> <!-- appendString -->
  <testcase classname="testOOPs.testOOPs" name="testLargestArr" time="0.0">
    <ignored/>
  </testcase> <!-- testLargestArr -->
  <testcase classname="testOOPs.testOOPs" name="concatString" time="0.0">
    <ignored/>
  </testcase> <!-- concatString -->
  <testcase classname="testOOPs.testOOPs" name="testScanner" time="0.0">
    <ignored/>
  </testcase> <!-- testScanner -->
  <testcase classname="testOOPs.testOOPs" name="testAbstract" time="0.0">
    <ignored/>
  </testcase> <!-- testAbstract -->
  <testcase classname="testOOPs.testOOPs" name="findPeekElement" time="0.0">
    <ignored/>
  </testcase> <!-- findPeekElement -->
  <testcase classname="testOOPs.testOOPs" name="testString" time="0.0">
    <ignored/>
  </testcase> <!-- testString -->
</testsuite> <!-- TestNG and Listener Report -->
