<?xml version="1.0" encoding="UTF-8"?>
<!-- Generated by org.testng.reporters.JUnitXMLReporter -->
<testsuite ignored="4" hostname="sangs-MacBook-Pro.local" failures="0" tests="8" name="TestNG and Listener Report" time="0.059" errors="0" timestamp="2021-01-29T13:47:10 ICT">
  <testcase classname="testOOPs.HackerRank" name="mergeArray" time="0.007"/>
  <testcase classname="testOOPs.HackerRank" name="division" time="0.008"/>
  <testcase classname="testOOPs.HackerRank" name="recursionWithFactorial" time="0.001"/>
  <testcase classname="testOOPs.HackerRank" name="paramTestNG" time="0.001"/>
  <testcase classname="testOOPs.HackerRank" name="callByValue" time="0.002"/>
  <testcase classname="testOOPs.HackerRank" name="fibonacciWithDynamic" time="0.001"/>
  <testcase classname="testOOPs.HackerRank" name="getDayByGivenDate" time="0.014"/>
  <testcase classname="testOOPs.HackerRank" name="innerClass" time="0.002"/>
  <testcase classname="testOOPs.HackerRank" name="getOddDays" time="0.0">
    <ignored/>
  </testcase> <!-- getOddDays -->
  <testcase classname="testOOPs.HackerRank" name="findGivenSum" time="0.0">
    <ignored/>
  </testcase> <!-- findGivenSum -->
  <testcase classname="testOOPs.HackerRank" name="minMax" time="0.0">
    <ignored/>
  </testcase> <!-- minMax -->
  <testcase classname="testOOPs.HackerRank" name="fibonacciWithRecursion" time="0.0">
    <ignored/>
  </testcase> <!-- fibonacciWithRecursion -->
</testsuite> <!-- TestNG and Listener Report -->
